<?xml version="1.0" encoding="UTF-8"?>
<testsuite xmlns:xsi="http://www.w3.org/2001/XMLSchema-instance" xsi:noNamespaceSchemaLocation="https://maven.apache.org/surefire/maven-surefire-plugin/xsd/surefire-test-report.xsd" name="cia0008.ukm.hw6.MyMojoTest" time="0.976" tests="2" errors="0" skipped="0" failures="1">
  <properties>
[...]
</properties>
  <testcase name="testSomething" classname="cia0008.ukm.hw6.MyMojoTest" time="0.911">
    <failure type="java.lang.AssertionError">java.lang.AssertionError
	at cia0008.ukm.hw6.MyMojoTest.testSomething(MyMojoTest.java:45)
</failure>
    <system-out><![CDATA[[info] Hello World
]]></system-out>
    <system-err><![CDATA[SLF4J: Failed to load class "org.slf4j.impl.StaticLoggerBinder".
SLF4J: Defaulting to no-operation (NOP) logger implementation
SLF4J: See http://www.slf4j.org/codes.html#StaticLoggerBinder for further details.
]]></system-err>
  </testcase>
  <testcase name="testSomethingWhichDoesNotNeedTheMojoAndProbablyShouldBeExtractedIntoANewClassOfItsOwn" classname="cia0008.ukm.hw6.MyMojoTest" time="0"/>
</testsuite>